<?xml version="1.0" encoding="UTF-8"?>
<testsuite name="com.pe.suraam.functions.BDConfigReaderTest" tests="2" skipped="0" failures="0" errors="0" timestamp="2018-12-20T02:16:26" hostname="Jennifers-MacBook-Pro.local" time="0.124">
  <properties/>
  <testcase name="mustThrowFileNotFoundExceptionIfConfigFilePathDoesNotExist" classname="com.pe.suraam.functions.BDConfigReaderTest" time="0.087"/>
  <testcase name="mustReturnConfigFileObjectWithAtLeastOneFieldIfJsonExists" classname="com.pe.suraam.functions.BDConfigReaderTest" time="0.037"/>
  <system-out><![CDATA[]]></system-out>
  <system-err><![CDATA[]]></system-err>
</testsuite>
