<?xml version="1.0" encoding="UTF-8"?>
<testsuite name="test.groovy.com.pe.suraam.functions.BDConfigReaderTest" tests="1" skipped="0" failures="0" errors="0" timestamp="2018-12-19T01:00:04" hostname="Jennifers-MacBook-Pro.local" time="0.095">
  <properties/>
  <testcase name="mustThrowFileNotFoundExceptionIfConfigFilePathDoesNotExist" classname="test.groovy.com.pe.suraam.functions.BDConfigReaderTest" time="0.095"/>
  <system-out><![CDATA[]]></system-out>
  <system-err><![CDATA[]]></system-err>
</testsuite>
